<?xml version="1.0" encoding="UTF-8"?>
<TestRun id="30df519b-407d-46fb-aedc-edeb3b96f2cb" name="eric@CAIN 2011-05-13 22:41:20" runUser="CAIN\eric" xmlns="http://microsoft.com/schemas/VisualStudio/TeamTest/2010">
  <TestSettings name="Local" id="86b8f4f7-c15f-40b5-9cbf-ba30b338f486">
    <Description>These are default test settings for a local test run.</Description>
    <Deployment userDeploymentRoot="c:\users\eric\documents\visual studio 2010\Projects\Euler\TestResults" useDefaultDeploymentRoot="false" enabled="false" runDeploymentRoot="eric_CAIN 2011-05-13 22_41_20">
      <DeploymentItem filename="c:\users\eric\documents\visual studio 2010\Projects\Euler\Euler\bin\Debug\Euler.exe" />
    </Deployment>
    <Execution>
      <TestTypeSpecific />
      <AgentRule name="Execution Agents">
      </AgentRule>
    </Execution>
  </TestSettings>
  <Times creation="2011-05-13T22:41:20.6498313-04:00" queuing="2011-05-13T22:41:22.7219498-04:00" start="2011-05-13T22:41:22.8509572-04:00" finish="2011-05-13T22:41:23.5639980-04:00" />
  <ResultSummary outcome="Completed">
    <Counters total="1" executed="1" passed="1" error="0" failed="0" timeout="0" aborted="0" inconclusive="0" passedButRunAborted="0" notRunnable="0" notExecuted="0" disconnected="0" warning="0" completed="0" inProgress="0" pending="0" />
  </ResultSummary>
  <TestDefinitions>
    <UnitTest name="SumTheMultiplesOf3And5Test" storage="c:\users\eric\documents\visual studio 2010\projects\euler\eulerunittests\bin\debug\eulerunittests.dll" id="17007d1b-b16e-ce2a-fd7e-54baaa28ee7e">
      <Execution id="677be0a3-b658-4279-8da6-84fd4b4c1ca8" />
      <TestMethod codeBase="c:/users/eric/documents/visual studio 2010/Projects/Euler/EulerUnitTests/bin/Debug/EulerUnitTests.DLL" adapterTypeName="Microsoft.VisualStudio.TestTools.TestTypes.Unit.UnitTestAdapter, Microsoft.VisualStudio.QualityTools.Tips.UnitTest.Adapter, Version=10.0.0.0, Culture=neutral, PublicKeyToken=b03f5f7f11d50a3a" className="EulerUnitTests.Problem1Test, EulerUnitTests, Version=1.0.0.0, Culture=neutral, PublicKeyToken=null" name="SumTheMultiplesOf3And5Test" />
    </UnitTest>
  </TestDefinitions>
  <TestLists>
    <TestList name="Results Not in a List" id="8c84fa94-04c1-424b-9868-57a2d4851a1d" />
    <TestList name="All Loaded Results" id="19431567-8539-422a-85d7-44ee4e166bda" />
  </TestLists>
  <TestEntries>
    <TestEntry testId="17007d1b-b16e-ce2a-fd7e-54baaa28ee7e" executionId="677be0a3-b658-4279-8da6-84fd4b4c1ca8" testListId="8c84fa94-04c1-424b-9868-57a2d4851a1d" />
  </TestEntries>
  <Results>
    <UnitTestResult executionId="677be0a3-b658-4279-8da6-84fd4b4c1ca8" testId="17007d1b-b16e-ce2a-fd7e-54baaa28ee7e" testName="SumTheMultiplesOf3And5Test" computerName="CAIN" duration="00:00:00.0267623" startTime="2011-05-13T22:41:22.9199612-04:00" endTime="2011-05-13T22:41:23.4569919-04:00" testType="13cdc9d9-ddb5-4fa4-a97d-d965ccfc6d4b" outcome="Passed" testListId="8c84fa94-04c1-424b-9868-57a2d4851a1d" relativeResultsDirectory="677be0a3-b658-4279-8da6-84fd4b4c1ca8">
    </UnitTestResult>
  </Results>
</TestRun>